<?xml version="1.0" encoding="UTF-8"?>
<robot generator="Robot 3.2.2 (Python 3.9.0 on win32)" generated="20201218 19:17:29.326" rpa="false">
<suite id="s1" name="Rf Test Cases" source="C:\Users\oliver.uhlar\Desktop\Projects\ping_graphs_postman\rf_test_cases.robot">
<kw name="Start setup" type="setup">
<kw name="Start Process" library="Process">
<doc>Starts a new process on background.</doc>
<arguments>
<arg>C:\\Users\\oliver.uhlar\\Desktop\\Projects\\postman_wamp\\venv\\Scripts\\python.exe</arg>
<arg>app.py</arg>
<arg>runserver</arg>
</arguments>
<msg timestamp="20201218 19:17:29.513" level="INFO">Starting process:
C:\Users\oliver.uhlar\Desktop\Projects\postman_wamp\venv\Scripts\python.exe app.py runserver</msg>
<status status="PASS" starttime="20201218 19:17:29.513" endtime="20201218 19:17:29.516"></status>
</kw>
<kw name="Start Process" library="Process">
<doc>Starts a new process on background.</doc>
<arguments>
<arg>wamp.bat</arg>
</arguments>
<msg timestamp="20201218 19:17:29.516" level="INFO">Starting process:
wamp.bat</msg>
<status status="PASS" starttime="20201218 19:17:29.516" endtime="20201218 19:17:29.519"></status>
</kw>
<kw name="Start Process" library="Process">
<doc>Starts a new process on background.</doc>
<arguments>
<arg>C:\\Program Files\\Oracle\\VirtualBox\\VBoxManage.exe</arg>
<arg>startvm</arg>
<arg>ubuntu_1</arg>
<arg>{c0382caa-6ce6-4fd3-aab4-77ea96bff7f7}</arg>
<arg>--type</arg>
<arg>headless</arg>
</arguments>
<msg timestamp="20201218 19:17:29.520" level="INFO">Starting process:
"C:\Program Files\Oracle\VirtualBox\VBoxManage.exe" startvm ubuntu_1 {c0382caa-6ce6-4fd3-aab4-77ea96bff7f7} --type headless</msg>
<status status="PASS" starttime="20201218 19:17:29.519" endtime="20201218 19:17:29.522"></status>
</kw>
<kw name="Start Process" library="Process">
<doc>Starts a new process on background.</doc>
<arguments>
<arg>C:\\Program Files\\Oracle\\VirtualBox\\VBoxManage.exe</arg>
<arg>startvm</arg>
<arg>ubuntu_2</arg>
<arg>{c0382caa-6ce6-4fd3-aab4-77ea96bff7f7}</arg>
<arg>--type</arg>
<arg>headless</arg>
</arguments>
<msg timestamp="20201218 19:17:29.523" level="INFO">Starting process:
"C:\Program Files\Oracle\VirtualBox\VBoxManage.exe" startvm ubuntu_2 {c0382caa-6ce6-4fd3-aab4-77ea96bff7f7} --type headless</msg>
<status status="PASS" starttime="20201218 19:17:29.522" endtime="20201218 19:17:29.525"></status>
</kw>
<status status="PASS" starttime="20201218 19:17:29.513" endtime="20201218 19:17:29.525"></status>
</kw>
<test id="s1-t1" name="NIC config before setting NIC">
<kw name="Wait Until Keyword Succeeds" library="BuiltIn">
<doc>Runs the specified keyword and retries if it fails.</doc>
<arguments>
<arg>2min</arg>
<arg>10s</arg>
<arg>Are booted</arg>
</arguments>
<kw name="Are booted">
<kw name="Run Process" library="Process">
<doc>Runs a process and waits for it to complete.</doc>
<arguments>
<arg>C:\\Users\\oliver.uhlar\\Desktop\\Projects\\ping_vms\\.venv\\Scripts\\python.exe</arg>
<arg>print_nic.py</arg>
<arg>runserver</arg>
</arguments>
<assign>
<var>${result}</var>
</assign>
<msg timestamp="20201218 19:17:29.529" level="INFO">Starting process:
C:\Users\oliver.uhlar\Desktop\Projects\ping_vms\.venv\Scripts\python.exe print_nic.py runserver</msg>
<msg timestamp="20201218 19:17:29.532" level="INFO">Waiting for process to complete.</msg>
<msg timestamp="20201218 19:17:50.947" level="INFO">Process completed.</msg>
<msg timestamp="20201218 19:17:50.947" level="INFO">${result} = &lt;result object with rc 1&gt;</msg>
<status status="PASS" starttime="20201218 19:17:29.529" endtime="20201218 19:17:50.947"></status>
</kw>
<kw name="Should Be Empty" library="BuiltIn">
<doc>Verifies that the given item is empty.</doc>
<arguments>
<arg>${result.stderr}</arg>
<arg>msg=${result.stderr}</arg>
</arguments>
<msg timestamp="20201218 19:17:50.948" level="INFO">Length is 942</msg>
<msg timestamp="20201218 19:17:50.948" level="FAIL">Traceback (most recent call last):
  File "C:\Users\oliver.uhlar\Desktop\Projects\ping_graphs_postman\print_nic.py", line 24, in &lt;module&gt;
    vm_u.connect('192.168.56.2',port=22, username='oliveruhlar', password='', key_filename='w_rsa')
  File "C:\Users\oliver.uhlar\Desktop\Projects\ping_vms\.venv\lib\site-packages\paramiko\client.py", line 349, in connect
    retry_on_signal(lambda: sock.connect(addr))
  File "C:\Users\oliver.uhlar\Desktop\Projects\ping_vms\.venv\lib\site-packages\paramiko\util.py", line 283, in retry_on_signal
    return function()
  File "C:\Users\oliver.uhlar\Desktop\Projects\ping_vms\.venv\lib\site-packages\paramiko\client.py", line 349, in &lt;lambda&gt;
    retry_on_signal(lambda: sock.connect(addr))
TimeoutError: [WinError 10060] A connection attempt failed because the connected party did not properly respond after a period of time, or established connection failed because connected host has failed to respond</msg>
<status status="FAIL" starttime="20201218 19:17:50.947" endtime="20201218 19:17:50.948"></status>
</kw>
<status status="FAIL" starttime="20201218 19:17:29.528" endtime="20201218 19:17:50.948"></status>
</kw>
<kw name="Are booted">
<kw name="Run Process" library="Process">
<doc>Runs a process and waits for it to complete.</doc>
<arguments>
<arg>C:\\Users\\oliver.uhlar\\Desktop\\Projects\\ping_vms\\.venv\\Scripts\\python.exe</arg>
<arg>print_nic.py</arg>
<arg>runserver</arg>
</arguments>
<assign>
<var>${result}</var>
</assign>
<msg timestamp="20201218 19:18:00.950" level="INFO">Starting process:
C:\Users\oliver.uhlar\Desktop\Projects\ping_vms\.venv\Scripts\python.exe print_nic.py runserver</msg>
<msg timestamp="20201218 19:18:00.953" level="INFO">Waiting for process to complete.</msg>
<msg timestamp="20201218 19:18:22.362" level="INFO">Process completed.</msg>
<msg timestamp="20201218 19:18:22.362" level="INFO">${result} = &lt;result object with rc 1&gt;</msg>
<status status="PASS" starttime="20201218 19:18:00.949" endtime="20201218 19:18:22.362"></status>
</kw>
<kw name="Should Be Empty" library="BuiltIn">
<doc>Verifies that the given item is empty.</doc>
<arguments>
<arg>${result.stderr}</arg>
<arg>msg=${result.stderr}</arg>
</arguments>
<msg timestamp="20201218 19:18:22.362" level="INFO">Length is 942</msg>
<msg timestamp="20201218 19:18:22.362" level="FAIL">Traceback (most recent call last):
  File "C:\Users\oliver.uhlar\Desktop\Projects\ping_graphs_postman\print_nic.py", line 24, in &lt;module&gt;
    vm_u.connect('192.168.56.2',port=22, username='oliveruhlar', password='', key_filename='w_rsa')
  File "C:\Users\oliver.uhlar\Desktop\Projects\ping_vms\.venv\lib\site-packages\paramiko\client.py", line 349, in connect
    retry_on_signal(lambda: sock.connect(addr))
  File "C:\Users\oliver.uhlar\Desktop\Projects\ping_vms\.venv\lib\site-packages\paramiko\util.py", line 283, in retry_on_signal
    return function()
  File "C:\Users\oliver.uhlar\Desktop\Projects\ping_vms\.venv\lib\site-packages\paramiko\client.py", line 349, in &lt;lambda&gt;
    retry_on_signal(lambda: sock.connect(addr))
TimeoutError: [WinError 10060] A connection attempt failed because the connected party did not properly respond after a period of time, or established connection failed because connected host has failed to respond</msg>
<status status="FAIL" starttime="20201218 19:18:22.362" endtime="20201218 19:18:22.362"></status>
</kw>
<status status="FAIL" starttime="20201218 19:18:00.949" endtime="20201218 19:18:22.363"></status>
</kw>
<kw name="Are booted">
<kw name="Run Process" library="Process">
<doc>Runs a process and waits for it to complete.</doc>
<arguments>
<arg>C:\\Users\\oliver.uhlar\\Desktop\\Projects\\ping_vms\\.venv\\Scripts\\python.exe</arg>
<arg>print_nic.py</arg>
<arg>runserver</arg>
</arguments>
<assign>
<var>${result}</var>
</assign>
<msg timestamp="20201218 19:18:32.366" level="INFO">Starting process:
C:\Users\oliver.uhlar\Desktop\Projects\ping_vms\.venv\Scripts\python.exe print_nic.py runserver</msg>
<msg timestamp="20201218 19:18:32.371" level="INFO">Waiting for process to complete.</msg>
<msg timestamp="20201218 19:18:53.824" level="INFO">Process completed.</msg>
<msg timestamp="20201218 19:18:53.824" level="INFO">${result} = &lt;result object with rc 1&gt;</msg>
<status status="PASS" starttime="20201218 19:18:32.366" endtime="20201218 19:18:53.824"></status>
</kw>
<kw name="Should Be Empty" library="BuiltIn">
<doc>Verifies that the given item is empty.</doc>
<arguments>
<arg>${result.stderr}</arg>
<arg>msg=${result.stderr}</arg>
</arguments>
<msg timestamp="20201218 19:18:53.825" level="INFO">Length is 942</msg>
<msg timestamp="20201218 19:18:53.825" level="FAIL">Traceback (most recent call last):
  File "C:\Users\oliver.uhlar\Desktop\Projects\ping_graphs_postman\print_nic.py", line 24, in &lt;module&gt;
    vm_u.connect('192.168.56.2',port=22, username='oliveruhlar', password='', key_filename='w_rsa')
  File "C:\Users\oliver.uhlar\Desktop\Projects\ping_vms\.venv\lib\site-packages\paramiko\client.py", line 349, in connect
    retry_on_signal(lambda: sock.connect(addr))
  File "C:\Users\oliver.uhlar\Desktop\Projects\ping_vms\.venv\lib\site-packages\paramiko\util.py", line 283, in retry_on_signal
    return function()
  File "C:\Users\oliver.uhlar\Desktop\Projects\ping_vms\.venv\lib\site-packages\paramiko\client.py", line 349, in &lt;lambda&gt;
    retry_on_signal(lambda: sock.connect(addr))
TimeoutError: [WinError 10060] A connection attempt failed because the connected party did not properly respond after a period of time, or established connection failed because connected host has failed to respond</msg>
<status status="FAIL" starttime="20201218 19:18:53.824" endtime="20201218 19:18:53.825"></status>
</kw>
<status status="FAIL" starttime="20201218 19:18:32.365" endtime="20201218 19:18:53.825"></status>
</kw>
<kw name="Are booted">
<kw name="Run Process" library="Process">
<doc>Runs a process and waits for it to complete.</doc>
<arguments>
<arg>C:\\Users\\oliver.uhlar\\Desktop\\Projects\\ping_vms\\.venv\\Scripts\\python.exe</arg>
<arg>print_nic.py</arg>
<arg>runserver</arg>
</arguments>
<assign>
<var>${result}</var>
</assign>
<msg timestamp="20201218 19:19:03.829" level="INFO">Starting process:
C:\Users\oliver.uhlar\Desktop\Projects\ping_vms\.venv\Scripts\python.exe print_nic.py runserver</msg>
<msg timestamp="20201218 19:19:03.837" level="INFO">Waiting for process to complete.</msg>
<msg timestamp="20201218 19:19:04.758" level="INFO">Process completed.</msg>
<msg timestamp="20201218 19:19:04.759" level="INFO">${result} = &lt;result object with rc 0&gt;</msg>
<status status="PASS" starttime="20201218 19:19:03.828" endtime="20201218 19:19:04.759"></status>
</kw>
<kw name="Should Be Empty" library="BuiltIn">
<doc>Verifies that the given item is empty.</doc>
<arguments>
<arg>${result.stderr}</arg>
<arg>msg=${result.stderr}</arg>
</arguments>
<msg timestamp="20201218 19:19:04.759" level="INFO">Length is 0</msg>
<status status="PASS" starttime="20201218 19:19:04.759" endtime="20201218 19:19:04.759"></status>
</kw>
<status status="PASS" starttime="20201218 19:19:03.826" endtime="20201218 19:19:04.760"></status>
</kw>
<status status="PASS" starttime="20201218 19:17:29.528" endtime="20201218 19:19:04.760"></status>
</kw>
<kw name="Run Process" library="Process">
<doc>Runs a process and waits for it to complete.</doc>
<arguments>
<arg>C:\\Users\\oliver.uhlar\\Desktop\\Projects\\ping_vms\\.venv\\Scripts\\python.exe</arg>
<arg>print_nic.py</arg>
<arg>runserver</arg>
</arguments>
<assign>
<var>${result}</var>
</assign>
<msg timestamp="20201218 19:19:04.761" level="INFO">Starting process:
C:\Users\oliver.uhlar\Desktop\Projects\ping_vms\.venv\Scripts\python.exe print_nic.py runserver</msg>
<msg timestamp="20201218 19:19:04.763" level="INFO">Waiting for process to complete.</msg>
<msg timestamp="20201218 19:19:05.562" level="INFO">Process completed.</msg>
<msg timestamp="20201218 19:19:05.562" level="INFO">${result} = &lt;result object with rc 0&gt;</msg>
<status status="PASS" starttime="20201218 19:19:04.760" endtime="20201218 19:19:05.562"></status>
</kw>
<kw name="Should Be Empty" library="BuiltIn">
<doc>Verifies that the given item is empty.</doc>
<arguments>
<arg>${result.stderr}</arg>
<arg>msg=${result.stderr}</arg>
</arguments>
<msg timestamp="20201218 19:19:05.563" level="INFO">Length is 0</msg>
<status status="PASS" starttime="20201218 19:19:05.563" endtime="20201218 19:19:05.563"></status>
</kw>
<kw name="Log" library="BuiltIn">
<doc>Logs the given message with the given level.</doc>
<arguments>
<arg>${result.stdout}</arg>
</arguments>
<msg timestamp="20201218 19:19:05.564" level="INFO">
 VM n1
+----------+--------------+
| NIC name |     IPv4     |
+----------+--------------+
|  enp0s3  |  10.0.2.15   |
|  enp0s8  | 192.168.56.2 |
+----------+--------------+

 VM n2
+----------+--------------+
| NIC name |     IPv4     |
+----------+--------------+
|  enp0s3  |  10.0.2.15   |
|  enp0s8  | 192.168.56.3 |
+----------+--------------+</msg>
<status status="PASS" starttime="20201218 19:19:05.564" endtime="20201218 19:19:05.564"></status>
</kw>
<tags>
<tag>Ping vms</tag>
</tags>
<status status="PASS" starttime="20201218 19:17:29.526" endtime="20201218 19:19:05.565" critical="yes"></status>
</test>
<test id="s1-t2" name="Ping VMs before setting NIC">
<kw name="Run Process" library="Process">
<doc>Runs a process and waits for it to complete.</doc>
<arguments>
<arg>C:\\Users\\oliver.uhlar\\Desktop\\Projects\\ping_vms\\.venv\\Scripts\\python.exe</arg>
<arg>try_ping.py</arg>
<arg>runserver</arg>
</arguments>
<assign>
<var>${result}</var>
</assign>
<msg timestamp="20201218 19:19:05.567" level="INFO">Starting process:
C:\Users\oliver.uhlar\Desktop\Projects\ping_vms\.venv\Scripts\python.exe try_ping.py runserver</msg>
<msg timestamp="20201218 19:19:05.570" level="INFO">Waiting for process to complete.</msg>
<msg timestamp="20201218 19:19:30.390" level="INFO">Process completed.</msg>
<msg timestamp="20201218 19:19:30.390" level="INFO">${result} = &lt;result object with rc 0&gt;</msg>
<status status="PASS" starttime="20201218 19:19:05.567" endtime="20201218 19:19:30.390"></status>
</kw>
<kw name="Should Be Empty" library="BuiltIn">
<doc>Verifies that the given item is empty.</doc>
<arguments>
<arg>${result.stderr}</arg>
<arg>msg=${result.stderr}</arg>
</arguments>
<msg timestamp="20201218 19:19:30.392" level="INFO">Length is 0</msg>
<status status="PASS" starttime="20201218 19:19:30.391" endtime="20201218 19:19:30.392"></status>
</kw>
<kw name="Should Contain" library="BuiltIn">
<doc>Fails if ``container`` does not contain ``item`` one or more times.</doc>
<arguments>
<arg>${result.stdout}</arg>
<arg>100% packet loss</arg>
</arguments>
<status status="PASS" starttime="20201218 19:19:30.392" endtime="20201218 19:19:30.393"></status>
</kw>
<kw name="Log" library="BuiltIn">
<doc>Logs the given message with the given level.</doc>
<arguments>
<arg>${result.stdout}</arg>
</arguments>
<msg timestamp="20201218 19:19:30.394" level="INFO">
 ping VM n1 -&gt; VM n2 

['PING 10.2.0.24 (10.2.0.24) 56(84) bytes of data.\n', '\n', '--- 10.2.0.24 ping statistics ---\n', '3 packets transmitted, 0 received, 100% packet loss, time 2079ms\n', '\n']

 ping VM n2 -&gt; VM n1 

['PING 10.2.0.23 (10.2.0.23) 56(84) bytes of data.\n', '\n', '--- 10.2.0.23 ping statistics ---\n', '3 packets transmitted, 0 received, 100% packet loss, time 2071ms\n', '\n']</msg>
<status status="PASS" starttime="20201218 19:19:30.394" endtime="20201218 19:19:30.394"></status>
</kw>
<tags>
<tag>Ping vms</tag>
</tags>
<status status="PASS" starttime="20201218 19:19:05.566" endtime="20201218 19:19:30.395" critical="yes"></status>
</test>
<test id="s1-t3" name="Set NIC">
<kw name="Run Process" library="Process">
<doc>Runs a process and waits for it to complete.</doc>
<arguments>
<arg>C:\\Users\\oliver.uhlar\\Desktop\\Projects\\ping_vms\\.venv\\Scripts\\python.exe</arg>
<arg>set_nic.py</arg>
<arg>runserver</arg>
</arguments>
<assign>
<var>${result}</var>
</assign>
<msg timestamp="20201218 19:19:30.398" level="INFO">Starting process:
C:\Users\oliver.uhlar\Desktop\Projects\ping_vms\.venv\Scripts\python.exe set_nic.py runserver</msg>
<msg timestamp="20201218 19:19:30.401" level="INFO">Waiting for process to complete.</msg>
<msg timestamp="20201218 19:19:34.125" level="INFO">Process completed.</msg>
<msg timestamp="20201218 19:19:34.125" level="INFO">${result} = &lt;result object with rc 0&gt;</msg>
<status status="PASS" starttime="20201218 19:19:30.397" endtime="20201218 19:19:34.125"></status>
</kw>
<kw name="Should Be Empty" library="BuiltIn">
<doc>Verifies that the given item is empty.</doc>
<arguments>
<arg>${result.stderr}</arg>
<arg>msg=${result.stderr}</arg>
</arguments>
<msg timestamp="20201218 19:19:34.127" level="INFO">Length is 0</msg>
<status status="PASS" starttime="20201218 19:19:34.126" endtime="20201218 19:19:34.127"></status>
</kw>
<kw name="Run Process" library="Process">
<doc>Runs a process and waits for it to complete.</doc>
<arguments>
<arg>C:\\Users\\oliver.uhlar\\Desktop\\Projects\\ping_vms\\.venv\\Scripts\\python.exe</arg>
<arg>print_nic.py</arg>
<arg>runserver</arg>
</arguments>
<assign>
<var>${ifconfig}</var>
</assign>
<msg timestamp="20201218 19:19:34.128" level="INFO">Starting process:
C:\Users\oliver.uhlar\Desktop\Projects\ping_vms\.venv\Scripts\python.exe print_nic.py runserver</msg>
<msg timestamp="20201218 19:19:34.131" level="INFO">Waiting for process to complete.</msg>
<msg timestamp="20201218 19:19:34.936" level="INFO">Process completed.</msg>
<msg timestamp="20201218 19:19:34.937" level="INFO">${ifconfig} = &lt;result object with rc 0&gt;</msg>
<status status="PASS" starttime="20201218 19:19:34.128" endtime="20201218 19:19:34.937"></status>
</kw>
<kw name="Should Contain X Times" library="BuiltIn">
<doc>Fails if ``container`` does not contain ``item`` ``count`` times.</doc>
<arguments>
<arg>${result.stdout}</arg>
<arg>successful</arg>
<arg>2</arg>
<arg>msg=Setting NIC was unsuccessful</arg>
</arguments>
<msg timestamp="20201218 19:19:34.938" level="INFO">Item found from container 2 times.</msg>
<status status="PASS" starttime="20201218 19:19:34.938" endtime="20201218 19:19:34.938"></status>
</kw>
<kw name="Should Contain X Times" library="BuiltIn">
<doc>Fails if ``container`` does not contain ``item`` ``count`` times.</doc>
<arguments>
<arg>${ifconfig.stdout}</arg>
<arg>enp0s9</arg>
<arg>2</arg>
<arg>msg=Setting NIC was unsuccessful</arg>
</arguments>
<msg timestamp="20201218 19:19:34.939" level="INFO">Item found from container 2 times.</msg>
<status status="PASS" starttime="20201218 19:19:34.939" endtime="20201218 19:19:34.939"></status>
</kw>
<kw name="Should Contain" library="BuiltIn">
<doc>Fails if ``container`` does not contain ``item`` one or more times.</doc>
<arguments>
<arg>${ifconfig.stdout}</arg>
<arg>10.2.0.23</arg>
<arg>msg=Setting NIC for VM n1 was unsuccessful</arg>
<arg>values=False</arg>
</arguments>
<status status="PASS" starttime="20201218 19:19:34.940" endtime="20201218 19:19:34.940"></status>
</kw>
<kw name="Should Contain" library="BuiltIn">
<doc>Fails if ``container`` does not contain ``item`` one or more times.</doc>
<arguments>
<arg>${ifconfig.stdout}</arg>
<arg>10.2.0.24</arg>
<arg>msg=Setting NIC for VM n2 was unsuccessful</arg>
<arg>values=False</arg>
</arguments>
<status status="PASS" starttime="20201218 19:19:34.941" endtime="20201218 19:19:34.941"></status>
</kw>
<kw name="Log" library="BuiltIn">
<doc>Logs the given message with the given level.</doc>
<arguments>
<arg>${result.stdout}</arg>
</arguments>
<msg timestamp="20201218 19:19:34.942" level="INFO">Setting NIC for VM n1 was successful
Setting NIC for VM n2 was successful</msg>
<status status="PASS" starttime="20201218 19:19:34.942" endtime="20201218 19:19:34.942"></status>
</kw>
<kw name="Log" library="BuiltIn">
<doc>Logs the given message with the given level.</doc>
<arguments>
<arg>${ifconfig.stdout}</arg>
</arguments>
<msg timestamp="20201218 19:19:34.943" level="INFO">
 VM n1
+----------+--------------+
| NIC name |     IPv4     |
+----------+--------------+
|  enp0s3  |  10.0.2.15   |
|  enp0s8  | 192.168.56.2 |
|  enp0s9  |  10.2.0.23   |
+----------+--------------+

 VM n2
+----------+--------------+
| NIC name |     IPv4     |
+----------+--------------+
|  enp0s3  |  10.0.2.15   |
|  enp0s8  | 192.168.56.3 |
|  enp0s9  |  10.2.0.24   |
+----------+--------------+</msg>
<status status="PASS" starttime="20201218 19:19:34.943" endtime="20201218 19:19:34.943"></status>
</kw>
<tags>
<tag>Ping vms</tag>
</tags>
<status status="PASS" starttime="20201218 19:19:30.396" endtime="20201218 19:19:34.943" critical="yes"></status>
</test>
<test id="s1-t4" name="Ping VMs after setting NIC">
<kw name="Run Process" library="Process">
<doc>Runs a process and waits for it to complete.</doc>
<arguments>
<arg>C:\\Users\\oliver.uhlar\\Desktop\\Projects\\ping_vms\\.venv\\Scripts\\python.exe</arg>
<arg>try_ping.py</arg>
<arg>runserver</arg>
</arguments>
<assign>
<var>${result}</var>
</assign>
<msg timestamp="20201218 19:19:34.946" level="INFO">Starting process:
C:\Users\oliver.uhlar\Desktop\Projects\ping_vms\.venv\Scripts\python.exe try_ping.py runserver</msg>
<msg timestamp="20201218 19:19:34.949" level="INFO">Waiting for process to complete.</msg>
<msg timestamp="20201218 19:19:39.562" level="INFO">Process completed.</msg>
<msg timestamp="20201218 19:19:39.562" level="INFO">${result} = &lt;result object with rc 0&gt;</msg>
<status status="PASS" starttime="20201218 19:19:34.945" endtime="20201218 19:19:39.562"></status>
</kw>
<kw name="Should Be Empty" library="BuiltIn">
<doc>Verifies that the given item is empty.</doc>
<arguments>
<arg>${result.stderr}</arg>
<arg>msg=${result.stderr}</arg>
</arguments>
<msg timestamp="20201218 19:19:39.564" level="INFO">Length is 0</msg>
<status status="PASS" starttime="20201218 19:19:39.563" endtime="20201218 19:19:39.564"></status>
</kw>
<kw name="Should Contain X Times" library="BuiltIn">
<doc>Fails if ``container`` does not contain ``item`` ``count`` times.</doc>
<arguments>
<arg>${result.stdout}</arg>
<arg>0% packet loss</arg>
<arg>2</arg>
<arg>msg=Ping successful</arg>
</arguments>
<msg timestamp="20201218 19:19:39.565" level="INFO">Item found from container 2 times.</msg>
<status status="PASS" starttime="20201218 19:19:39.565" endtime="20201218 19:19:39.565"></status>
</kw>
<kw name="Log" library="BuiltIn">
<doc>Logs the given message with the given level.</doc>
<arguments>
<arg>${result.stdout}</arg>
</arguments>
<msg timestamp="20201218 19:19:39.566" level="INFO">
 ping VM n1 -&gt; VM n2 

['PING 10.2.0.24 (10.2.0.24) 56(84) bytes of data.\n', '64 bytes from 10.2.0.24: icmp_seq=1 ttl=64 time=1.04 ms\n', '64 bytes from 10.2.0.24: icmp_seq=2 ttl=64 time=1.18 ms\n', '64 bytes from 10.2.0.24: icmp_seq=3 ttl=64 time=1.07 ms\n', '\n', '--- 10.2.0.24 ping statistics ---\n', '3 packets transmitted, 3 received, 0% packet loss, time 2003ms\n', 'rtt min/avg/max/mdev = 1.039/1.098/1.184/0.062 ms\n']

 ping VM n2 -&gt; VM n1 

['PING 10.2.0.23 (10.2.0.23) 56(84) bytes of data.\n', '64 bytes from 10.2.0.23: icmp_seq=1 ttl=64 time=1.53 ms\n', '64 bytes from 10.2.0.23: icmp_seq=2 ttl=64 time=1.30 ms\n', '64 bytes from 10.2.0.23: icmp_seq=3 ttl=64 time=0.751 ms\n', '\n', '--- 10.2.0.23 ping statistics ---\n', '3 packets transmitted, 3 received, 0% packet loss, time 2018ms\n', 'rtt min/avg/max/mdev = 0.751/1.192/1.531/0.326 ms\n']</msg>
<status status="PASS" starttime="20201218 19:19:39.566" endtime="20201218 19:19:39.566"></status>
</kw>
<tags>
<tag>Ping vms</tag>
</tags>
<status status="PASS" starttime="20201218 19:19:34.944" endtime="20201218 19:19:39.567" critical="yes"></status>
</test>
<test id="s1-t5" name="NIC config after setting NIC">
<kw name="Run Process" library="Process">
<doc>Runs a process and waits for it to complete.</doc>
<arguments>
<arg>C:\\Users\\oliver.uhlar\\Desktop\\Projects\\ping_vms\\.venv\\Scripts\\python.exe</arg>
<arg>print_nic.py</arg>
<arg>runserver</arg>
</arguments>
<assign>
<var>${result}</var>
</assign>
<msg timestamp="20201218 19:19:39.571" level="INFO">Starting process:
C:\Users\oliver.uhlar\Desktop\Projects\ping_vms\.venv\Scripts\python.exe print_nic.py runserver</msg>
<msg timestamp="20201218 19:19:39.574" level="INFO">Waiting for process to complete.</msg>
<msg timestamp="20201218 19:19:40.397" level="INFO">Process completed.</msg>
<msg timestamp="20201218 19:19:40.397" level="INFO">${result} = &lt;result object with rc 0&gt;</msg>
<status status="PASS" starttime="20201218 19:19:39.570" endtime="20201218 19:19:40.397"></status>
</kw>
<kw name="Should Be Empty" library="BuiltIn">
<doc>Verifies that the given item is empty.</doc>
<arguments>
<arg>${result.stderr}</arg>
<arg>msg=${result.stderr}</arg>
</arguments>
<msg timestamp="20201218 19:19:40.398" level="INFO">Length is 0</msg>
<status status="PASS" starttime="20201218 19:19:40.398" endtime="20201218 19:19:40.398"></status>
</kw>
<kw name="Log" library="BuiltIn">
<doc>Logs the given message with the given level.</doc>
<arguments>
<arg>${result.stdout}</arg>
</arguments>
<msg timestamp="20201218 19:19:40.399" level="INFO">
 VM n1
+----------+--------------+
| NIC name |     IPv4     |
+----------+--------------+
|  enp0s3  |  10.0.2.15   |
|  enp0s8  | 192.168.56.2 |
|  enp0s9  |  10.2.0.23   |
+----------+--------------+

 VM n2
+----------+--------------+
| NIC name |     IPv4     |
+----------+--------------+
|  enp0s3  |  10.0.2.15   |
|  enp0s8  | 192.168.56.3 |
|  enp0s9  |  10.2.0.24   |
+----------+--------------+</msg>
<status status="PASS" starttime="20201218 19:19:40.399" endtime="20201218 19:19:40.399"></status>
</kw>
<kw name="Start Process" library="Process">
<doc>Starts a new process on background.</doc>
<arguments>
<arg>C:\\Program Files\\Oracle\\VirtualBox\\VBoxManage.exe</arg>
<arg>controlvm</arg>
<arg>ubuntu_1</arg>
<arg>poweroff</arg>
</arguments>
<msg timestamp="20201218 19:19:40.400" level="INFO">Starting process:
"C:\Program Files\Oracle\VirtualBox\VBoxManage.exe" controlvm ubuntu_1 poweroff</msg>
<status status="PASS" starttime="20201218 19:19:40.400" endtime="20201218 19:19:40.402"></status>
</kw>
<kw name="Start Process" library="Process">
<doc>Starts a new process on background.</doc>
<arguments>
<arg>C:\\Program Files\\Oracle\\VirtualBox\\VBoxManage.exe</arg>
<arg>controlvm</arg>
<arg>ubuntu_2</arg>
<arg>poweroff</arg>
</arguments>
<msg timestamp="20201218 19:19:40.403" level="INFO">Starting process:
"C:\Program Files\Oracle\VirtualBox\VBoxManage.exe" controlvm ubuntu_2 poweroff</msg>
<status status="PASS" starttime="20201218 19:19:40.403" endtime="20201218 19:19:40.406"></status>
</kw>
<tags>
<tag>Ping vms</tag>
</tags>
<status status="PASS" starttime="20201218 19:19:39.570" endtime="20201218 19:19:40.406" critical="yes"></status>
</test>
<test id="s1-t6" name="Graph temperature BB">
<kw name="Run Process" library="Process">
<doc>Runs a process and waits for it to complete.</doc>
<arguments>
<arg>C:\\Users\\oliver.uhlar\\Desktop\\Projects\\plotly_graphs\\venv\\Scripts\\python.exe</arg>
<arg>temperature_lch.py</arg>
<arg>runserver</arg>
</arguments>
<assign>
<var>${result}</var>
</assign>
<msg timestamp="20201218 19:19:40.409" level="INFO">Starting process:
C:\Users\oliver.uhlar\Desktop\Projects\plotly_graphs\venv\Scripts\python.exe temperature_lch.py runserver</msg>
<msg timestamp="20201218 19:19:40.413" level="INFO">Waiting for process to complete.</msg>
<msg timestamp="20201218 19:19:41.147" level="INFO">Process completed.</msg>
<msg timestamp="20201218 19:19:41.147" level="INFO">${result} = &lt;result object with rc 0&gt;</msg>
<status status="PASS" starttime="20201218 19:19:40.409" endtime="20201218 19:19:41.148"></status>
</kw>
<kw name="Should Be Empty" library="BuiltIn">
<doc>Verifies that the given item is empty.</doc>
<arguments>
<arg>${result.stderr}</arg>
<arg>msg=${result.stderr}</arg>
</arguments>
<msg timestamp="20201218 19:19:41.149" level="INFO">Length is 0</msg>
<status status="PASS" starttime="20201218 19:19:41.149" endtime="20201218 19:19:41.150"></status>
</kw>
<kw name="Log" library="BuiltIn">
<doc>Logs the given message with the given level.</doc>
<arguments>
<arg>${result.stdout}</arg>
</arguments>
<msg timestamp="20201218 19:19:41.150" level="INFO"></msg>
<status status="PASS" starttime="20201218 19:19:41.150" endtime="20201218 19:19:41.150"></status>
</kw>
<tags>
<tag>Plotly</tag>
</tags>
<status status="PASS" starttime="20201218 19:19:40.408" endtime="20201218 19:19:41.151" critical="yes"></status>
</test>
<test id="s1-t7" name="Graph networkx">
<kw name="Run Process" library="Process">
<doc>Runs a process and waits for it to complete.</doc>
<arguments>
<arg>C:\\Users\\oliver.uhlar\\Desktop\\Projects\\plotly_graphs\\venv\\Scripts\\python.exe</arg>
<arg>networkx_plo.py</arg>
<arg>runserver</arg>
</arguments>
<assign>
<var>${result}</var>
</assign>
<msg timestamp="20201218 19:19:41.154" level="INFO">Starting process:
C:\Users\oliver.uhlar\Desktop\Projects\plotly_graphs\venv\Scripts\python.exe networkx_plo.py runserver</msg>
<msg timestamp="20201218 19:19:41.156" level="INFO">Waiting for process to complete.</msg>
<msg timestamp="20201218 19:19:42.615" level="INFO">Process completed.</msg>
<msg timestamp="20201218 19:19:42.616" level="INFO">${result} = &lt;result object with rc 0&gt;</msg>
<status status="PASS" starttime="20201218 19:19:41.153" endtime="20201218 19:19:42.616"></status>
</kw>
<kw name="Should Be Empty" library="BuiltIn">
<doc>Verifies that the given item is empty.</doc>
<arguments>
<arg>${result.stderr}</arg>
<arg>msg=${result.stderr}</arg>
</arguments>
<msg timestamp="20201218 19:19:42.617" level="INFO">Length is 0</msg>
<status status="PASS" starttime="20201218 19:19:42.617" endtime="20201218 19:19:42.617"></status>
</kw>
<kw name="Log" library="BuiltIn">
<doc>Logs the given message with the given level.</doc>
<arguments>
<arg>${result.stdout}</arg>
</arguments>
<msg timestamp="20201218 19:19:42.619" level="INFO"></msg>
<status status="PASS" starttime="20201218 19:19:42.618" endtime="20201218 19:19:42.619"></status>
</kw>
<tags>
<tag>Plotly + Networkx</tag>
</tags>
<status status="PASS" starttime="20201218 19:19:41.153" endtime="20201218 19:19:42.619" critical="yes"></status>
</test>
<test id="s1-t8" name="Test GET">
<kw name="Evaluate" library="BuiltIn">
<doc>Evaluates the given expression in Python and returns the result.</doc>
<arguments>
<arg>sys.modules['selenium.webdriver'].ChromeOptions()</arg>
<arg>sys, selenium.webdriver</arg>
</arguments>
<assign>
<var>${chrome options}</var>
</assign>
<msg timestamp="20201218 19:19:42.626" level="INFO">${chrome options} = &lt;selenium.webdriver.chrome.options.Options object at 0x0000027041D12E20&gt;</msg>
<status status="PASS" starttime="20201218 19:19:42.625" endtime="20201218 19:19:42.626"></status>
</kw>
<kw name="Call Method" library="BuiltIn">
<doc>Calls the named method of the given object with the provided arguments.</doc>
<arguments>
<arg>${ChromeOptions}</arg>
<arg>add_extension</arg>
<arg>lhobafahddgcelffkeicbaginigeejlf.crx</arg>
</arguments>
<status status="PASS" starttime="20201218 19:19:42.635" endtime="20201218 19:19:42.635"></status>
</kw>
<kw name="Call Method" library="BuiltIn">
<doc>Calls the named method of the given object with the provided arguments.</doc>
<arguments>
<arg>${ChromeOptions}</arg>
<arg>to_capabilities</arg>
</arguments>
<assign>
<var>${Options}</var>
</assign>
<msg timestamp="20201218 19:19:42.638" level="INFO">${Options} = {'browserName': 'chrome', 'version': '', 'platform': 'ANY', 'goog:chromeOptions': {'extensions': ['Q3IyNAMAAAAcBQAAEqwECqYCMIIBIjANBgkqhkiG9w0BAQEFAAOCAQ8AMIIBCgKCAQEAj/u/XDdjlDyw7gHEtaaasZ9GdG8WOKAyJ...</msg>
<status status="PASS" starttime="20201218 19:19:42.636" endtime="20201218 19:19:42.638"></status>
</kw>
<kw name="Open Browser" library="SeleniumLibrary">
<doc>Opens a new browser instance to the optional ``url``.</doc>
<arguments>
<arg>https://www.postman.com/</arg>
<arg>Chrome</arg>
<arg>alias=main</arg>
<arg>desired_capabilities=${Options}</arg>
</arguments>
<msg timestamp="20201218 19:19:42.639" level="INFO">Opening browser 'Chrome' to base url 'https://www.postman.com/'.</msg>
<status status="PASS" starttime="20201218 19:19:42.638" endtime="20201218 19:19:51.063"></status>
</kw>
<kw name="Execute Javascript" library="SeleniumLibrary">
<doc>Executes the given JavaScript code with possible arguments.</doc>
<arguments>
<arg>window.open()</arg>
</arguments>
<msg timestamp="20201218 19:19:51.064" level="INFO">Executing JavaScript:
window.open()
Without any arguments.</msg>
<status status="PASS" starttime="20201218 19:19:51.064" endtime="20201218 19:19:51.123"></status>
</kw>
<kw name="Switch Window" library="SeleniumLibrary">
<doc>Switches to browser window matching ``locator``.</doc>
<arguments>
<arg>locator=NEW</arg>
</arguments>
<status status="PASS" starttime="20201218 19:19:51.124" endtime="20201218 19:19:51.133"></status>
</kw>
<kw name="Go To" library="SeleniumLibrary">
<doc>Navigates the current browser window to the provided ``url``.</doc>
<arguments>
<arg>chrome-extension://lhobafahddgcelffkeicbaginigeejlf/data/popup/popup.html</arg>
</arguments>
<msg timestamp="20201218 19:19:51.134" level="INFO">Opening url 'chrome-extension://lhobafahddgcelffkeicbaginigeejlf/data/popup/popup.html'</msg>
<status status="PASS" starttime="20201218 19:19:51.134" endtime="20201218 19:19:53.244"></status>
</kw>
<kw name="Wait Until Page Contains Element" library="SeleniumLibrary">
<doc>Waits until the element ``locator`` appears on the current page.</doc>
<arguments>
<arg>xpath://html/body/div[1]/table/tbody/tr/td[1]/table/tbody/tr/td</arg>
</arguments>
<status status="PASS" starttime="20201218 19:19:53.245" endtime="20201218 19:19:53.259"></status>
</kw>
<kw name="Click Element" library="SeleniumLibrary">
<doc>Click the element identified by ``locator``.</doc>
<arguments>
<arg>xpath://html/body/div[1]/table/tbody/tr/td[1]/table/tbody/tr/td</arg>
</arguments>
<msg timestamp="20201218 19:19:53.259" level="INFO">Clicking element 'xpath://html/body/div[1]/table/tbody/tr/td[1]/table/tbody/tr/td'.</msg>
<status status="PASS" starttime="20201218 19:19:53.259" endtime="20201218 19:19:53.298"></status>
</kw>
<kw name="Capture Page Screenshot" library="SeleniumLibrary">
<doc>Takes a screenshot of the current page and embeds it into a log file.</doc>
<arguments>
<arg>extension.png</arg>
</arguments>
<msg timestamp="20201218 19:19:53.581" level="INFO" html="yes">&lt;/td&gt;&lt;/tr&gt;&lt;tr&gt;&lt;td colspan="3"&gt;&lt;a href="extension.png"&gt;&lt;img src="extension.png" width="800px"&gt;&lt;/a&gt;</msg>
<status status="PASS" starttime="20201218 19:19:53.299" endtime="20201218 19:19:53.582"></status>
</kw>
<kw name="Close Window" library="SeleniumLibrary">
<doc>Closes currently opened and selected browser window/tab.</doc>
<status status="PASS" starttime="20201218 19:19:53.582" endtime="20201218 19:19:53.607"></status>
</kw>
<kw name="Switch Window" library="SeleniumLibrary">
<doc>Switches to browser window matching ``locator``.</doc>
<arguments>
<arg>main</arg>
</arguments>
<status status="PASS" starttime="20201218 19:19:53.607" endtime="20201218 19:19:53.620"></status>
</kw>
<kw name="Wait Until Page Contains Element" library="SeleniumLibrary">
<doc>Waits until the element ``locator`` appears on the current page.</doc>
<arguments>
<arg>xpath://*[@id="gatsby-focus-wrapper"]/main/nav/ul/li/a</arg>
<arg>timeout=20s</arg>
</arguments>
<status status="PASS" starttime="20201218 19:19:53.622" endtime="20201218 19:19:53.645"></status>
</kw>
<kw name="Click Element" library="SeleniumLibrary">
<doc>Click the element identified by ``locator``.</doc>
<arguments>
<arg>xpath://*[@id="gatsby-focus-wrapper"]/main/nav/ul/li/a</arg>
</arguments>
<msg timestamp="20201218 19:19:53.646" level="INFO">Clicking element 'xpath://*[@id="gatsby-focus-wrapper"]/main/nav/ul/li/a'.</msg>
<status status="PASS" starttime="20201218 19:19:53.646" endtime="20201218 19:19:53.712"></status>
</kw>
<kw name="Wait Until Page Contains Element" library="SeleniumLibrary">
<doc>Waits until the element ``locator`` appears on the current page.</doc>
<arguments>
<arg>id:username</arg>
<arg>timeout=20s</arg>
</arguments>
<status status="PASS" starttime="20201218 19:19:53.713" endtime="20201218 19:19:54.598"></status>
</kw>
<kw name="Input Text" library="SeleniumLibrary">
<doc>Types the given ``text`` into the text field identified by ``locator``.</doc>
<arguments>
<arg>id:username</arg>
<arg>mekkyzbirka@gmail.com</arg>
</arguments>
<msg timestamp="20201218 19:19:54.599" level="INFO">Typing text 'mekkyzbirka@gmail.com' into text field 'id:username'.</msg>
<status status="PASS" starttime="20201218 19:19:54.599" endtime="20201218 19:19:54.664"></status>
</kw>
<kw name="Decoding" library="cypto_password">
<arguments>
<arg>${hash_pass}</arg>
</arguments>
<assign>
<var>${paswd}</var>
</assign>
<msg timestamp="20201218 19:19:54.749" level="INFO">${paswd} = Test@12345</msg>
<status status="PASS" starttime="20201218 19:19:54.673" endtime="20201218 19:19:54.749"></status>
</kw>
<kw name="Input Text" library="SeleniumLibrary">
<doc>Types the given ``text`` into the text field identified by ``locator``.</doc>
<arguments>
<arg>id:password</arg>
<arg>${paswd}</arg>
</arguments>
<msg timestamp="20201218 19:19:54.751" level="INFO">Typing text 'Test@12345' into text field 'id:password'.</msg>
<status status="PASS" starttime="20201218 19:19:54.750" endtime="20201218 19:19:54.912"></status>
</kw>
<kw name="Wait Until Page Contains Element" library="SeleniumLibrary">
<doc>Waits until the element ``locator`` appears on the current page.</doc>
<arguments>
<arg>xpath://*[@id="sign-in-btn"]</arg>
<arg>timeout=20s</arg>
</arguments>
<status status="PASS" starttime="20201218 19:19:54.912" endtime="20201218 19:19:54.925"></status>
</kw>
<kw name="Click Element" library="SeleniumLibrary">
<doc>Click the element identified by ``locator``.</doc>
<arguments>
<arg>xpath://*[@id="sign-in-btn"]</arg>
</arguments>
<msg timestamp="20201218 19:19:54.926" level="INFO">Clicking element 'xpath://*[@id="sign-in-btn"]'.</msg>
<status status="PASS" starttime="20201218 19:19:54.925" endtime="20201218 19:19:54.992"></status>
</kw>
<kw name="Wait Until Page Contains Element" library="SeleniumLibrary">
<doc>Waits until the element ``locator`` appears on the current page.</doc>
<arguments>
<arg>xpath://html/body/div[3]/div/div/div[5]/div/div[1]/aside/div/div[2]/a[1]/div/div</arg>
<arg>timeout=20s</arg>
</arguments>
<status status="PASS" starttime="20201218 19:19:54.992" endtime="20201218 19:19:59.795"></status>
</kw>
<kw name="Click Element" library="SeleniumLibrary">
<doc>Click the element identified by ``locator``.</doc>
<arguments>
<arg>xpath://html/body/div[3]/div/div/div[5]/div/div[1]/aside/div/div[2]/a[1]/div/div</arg>
</arguments>
<msg timestamp="20201218 19:19:59.797" level="INFO">Clicking element 'xpath://html/body/div[3]/div/div/div[5]/div/div[1]/aside/div/div[2]/a[1]/div/div'.</msg>
<status status="PASS" starttime="20201218 19:19:59.797" endtime="20201218 19:19:59.916"></status>
</kw>
<kw name="Wait Until Page Contains Element" library="SeleniumLibrary">
<doc>Waits until the element ``locator`` appears on the current page.</doc>
<arguments>
<arg>xpath:/html/body/div[3]/div/div/main/div/ol/li[2]/div[1]</arg>
<arg>timeout=20s</arg>
</arguments>
<status status="PASS" starttime="20201218 19:19:59.917" endtime="20201218 19:20:00.175"></status>
</kw>
<kw name="Click Element" library="SeleniumLibrary">
<doc>Click the element identified by ``locator``.</doc>
<arguments>
<arg>xpath:/html/body/div[3]/div/div/main/div/ol/li[2]/div[1]</arg>
</arguments>
<msg timestamp="20201218 19:20:00.175" level="INFO">Clicking element 'xpath:/html/body/div[3]/div/div/main/div/ol/li[2]/div[1]'.</msg>
<status status="PASS" starttime="20201218 19:20:00.175" endtime="20201218 19:20:00.244"></status>
</kw>
<kw name="Wait Until Page Contains Element" library="SeleniumLibrary">
<doc>Waits until the element ``locator`` appears on the current page.</doc>
<arguments>
<arg>xpath://html/body/div[3]/div/div/div[5]/div[1]/div[1]/div/div/div/div[1]/div[1]/div/div/div[2]/div[1]/div/div[6]</arg>
<arg>timeout=20s</arg>
</arguments>
<status status="PASS" starttime="20201218 19:20:00.244" endtime="20201218 19:20:00.596"></status>
</kw>
<kw name="Click Element" library="SeleniumLibrary">
<doc>Click the element identified by ``locator``.</doc>
<arguments>
<arg>xpath://html/body/div[3]/div/div/div[5]/div[1]/div[1]/div/div/div/div[1]/div[1]/div/div/div[2]/div[1]/div/div[6]</arg>
</arguments>
<msg timestamp="20201218 19:20:00.597" level="INFO">Clicking element 'xpath://html/body/div[3]/div/div/div[5]/div[1]/div[1]/div/div/div/div[1]/div[1]/div/div/div[2]/div[1]/div/div[6]'.</msg>
<status status="PASS" starttime="20201218 19:20:00.596" endtime="20201218 19:20:00.989"></status>
</kw>
<kw name="Wait Until Page Contains Element" library="SeleniumLibrary">
<doc>Waits until the element ``locator`` appears on the current page.</doc>
<arguments>
<arg>xpath://html/body/div[3]/div/div/div[5]/div[1]/div[1]/div/div/div/div[1]/div[1]/div/div/div[2]/div[2]/div/div/div/div[2]/div[1]/div/div/div[4]/div/div/div[2]/div[2]</arg>
<arg>timeout=20s</arg>
</arguments>
<status status="PASS" starttime="20201218 19:20:00.989" endtime="20201218 19:20:01.776"></status>
</kw>
<kw name="Click Element" library="SeleniumLibrary">
<doc>Click the element identified by ``locator``.</doc>
<arguments>
<arg>xpath:/html/body/div[3]/div/div/div[5]/div[1]/div[1]/div/div/div/div[1]/div[1]/div/div/div[2]/div[2]/div/div/div/div[2]/div[1]/div/div/div[4]/div/div/div[2]/div[2]</arg>
</arguments>
<msg timestamp="20201218 19:20:01.778" level="INFO">Clicking element 'xpath:/html/body/div[3]/div/div/div[5]/div[1]/div[1]/div/div/div/div[1]/div[1]/div/div/div[2]/div[2]/div/div/div/div[2]/div[1]/div/div/div[4]/div/div/div[2]/div[2]'.</msg>
<status status="PASS" starttime="20201218 19:20:01.777" endtime="20201218 19:20:01.847"></status>
</kw>
<kw name="Wait Until Page Contains Element" library="SeleniumLibrary">
<doc>Waits until the element ``locator`` appears on the current page.</doc>
<arguments>
<arg>xpath://html/body/div[3]/div/div/div[5]/div[1]/div[1]/div/div/div/div[2]/div/div/div/div[2]/div[2]/div/div/div/div/div[1]/div[1]/div/div[2]/div/div[2]/div/div/div/div/div[1]</arg>
<arg>timeout=20s</arg>
</arguments>
<status status="PASS" starttime="20201218 19:20:01.848" endtime="20201218 19:20:02.463"></status>
</kw>
<kw name="Click Element" library="SeleniumLibrary">
<doc>Click the element identified by ``locator``.</doc>
<arguments>
<arg>xpath://html/body/div[3]/div/div/div[5]/div[1]/div[1]/div/div/div/div[2]/div/div/div/div[2]/div[2]/div/div/div/div/div[1]/div[1]/div/div[2]/div/div[2]/div/div/div/div/div[1]</arg>
</arguments>
<msg timestamp="20201218 19:20:02.464" level="INFO">Clicking element 'xpath://html/body/div[3]/div/div/div[5]/div[1]/div[1]/div/div/div/div[2]/div/div/div/div[2]/div[2]/div/div/div/div/div[1]/div[1]/div/div[2]/div/div[2]/div/div/div/div/div[1]'.</msg>
<status status="PASS" starttime="20201218 19:20:02.464" endtime="20201218 19:20:02.642"></status>
</kw>
<kw name="Wait Until Page Contains Element" library="SeleniumLibrary">
<doc>Waits until the element ``locator`` appears on the current page.</doc>
<arguments>
<arg>xpath://html/body/div[3]/div/div/div[5]/div[1]/div[1]/div/div/div/div[2]/div/div/div/div[2]/div[2]/div/div/div/div/div[1]/div[1]/div/div[3]/div[2]/div/div[2]/div[2]/div/div/div/div/div/div/div/div/div/div[1]/div[1]/div[1]/div[3]</arg>
<arg>timeout=20s</arg>
</arguments>
<status status="PASS" starttime="20201218 19:20:02.643" endtime="20201218 19:20:03.116"></status>
</kw>
<kw name="Click Element" library="SeleniumLibrary">
<doc>Click the element identified by ``locator``.</doc>
<arguments>
<arg>xpath:/html/body/div[3]/div/div/div[5]/div[1]/div[1]/div/div/div/div[2]/div/div/div/div[2]/div[2]/div/div/div/div/div[1]/div[1]/div/div[3]/div[2]/div/div[2]/div[2]/div/div/div/div/div/div/div/div/div/div[1]/div[1]/div[1]/div[3]</arg>
</arguments>
<msg timestamp="20201218 19:20:03.117" level="INFO">Clicking element 'xpath:/html/body/div[3]/div/div/div[5]/div[1]/div[1]/div/div/div/div[2]/div/div/div/div[2]/div[2]/div/div/div/div/div[1]/div[1]/div/div[3]/div[2]/div/div[2]/div[2]/div/div/div/div/div/div/div/div/div/div[1]/div[1]/div[1]/div[3]'.</msg>
<status status="PASS" starttime="20201218 19:20:03.117" endtime="20201218 19:20:03.187"></status>
</kw>
<kw name="Sleep" library="BuiltIn">
<doc>Pauses the test executed for the given time.</doc>
<arguments>
<arg>1s</arg>
</arguments>
<msg timestamp="20201218 19:20:04.189" level="INFO">Slept 1 second</msg>
<status status="PASS" starttime="20201218 19:20:03.188" endtime="20201218 19:20:04.189"></status>
</kw>
<kw name="Capture Page Screenshot" library="SeleniumLibrary">
<doc>Takes a screenshot of the current page and embeds it into a log file.</doc>
<arguments>
<arg>test_get.png</arg>
</arguments>
<msg timestamp="20201218 19:20:04.554" level="INFO" html="yes">&lt;/td&gt;&lt;/tr&gt;&lt;tr&gt;&lt;td colspan="3"&gt;&lt;a href="test_get.png"&gt;&lt;img src="test_get.png" width="800px"&gt;&lt;/a&gt;</msg>
<status status="PASS" starttime="20201218 19:20:04.192" endtime="20201218 19:20:04.554"></status>
</kw>
<tags>
<tag>Postman + Wamp</tag>
</tags>
<status status="PASS" starttime="20201218 19:19:42.623" endtime="20201218 19:20:04.556" critical="yes"></status>
</test>
<test id="s1-t9" name="Test POST">
<kw name="Wait Until Page Contains Element" library="SeleniumLibrary">
<doc>Waits until the element ``locator`` appears on the current page.</doc>
<arguments>
<arg>xpath:/html/body/div[3]/div/div/div[5]/div[1]/div[1]/div/div/div/div[1]/div[1]/div/div/div[2]/div[2]/div/div/div/div[2]/div[1]/div/div/div[7]/div/div/div[2]</arg>
<arg>timeout=20s</arg>
</arguments>
<status status="PASS" starttime="20201218 19:20:04.566" endtime="20201218 19:20:04.587"></status>
</kw>
<kw name="Click Element" library="SeleniumLibrary">
<doc>Click the element identified by ``locator``.</doc>
<arguments>
<arg>xpath:/html/body/div[3]/div/div/div[5]/div[1]/div[1]/div/div/div/div[1]/div[1]/div/div/div[2]/div[2]/div/div/div/div[2]/div[1]/div/div/div[7]/div/div/div[2]</arg>
</arguments>
<msg timestamp="20201218 19:20:04.594" level="INFO">Clicking element 'xpath:/html/body/div[3]/div/div/div[5]/div[1]/div[1]/div/div/div/div[1]/div[1]/div/div/div[2]/div[2]/div/div/div/div[2]/div[1]/div/div/div[7]/div/div/div[2]'.</msg>
<status status="PASS" starttime="20201218 19:20:04.593" endtime="20201218 19:20:04.690"></status>
</kw>
<kw name="Wait Until Page Contains Element" library="SeleniumLibrary">
<doc>Waits until the element ``locator`` appears on the current page.</doc>
<arguments>
<arg>xpath:/html/body/div[3]/div/div/div[5]/div[1]/div[1]/div/div/div/div[2]/div/div/div/div[2]/div[3]/div/div/div/div/div[1]/div[1]/div/div[3]/div[1]/div[1]/div[1]/div/div[1]/div/div[4]/div</arg>
<arg>timeout=20s</arg>
</arguments>
<status status="PASS" starttime="20201218 19:20:04.691" endtime="20201218 19:20:05.218"></status>
</kw>
<kw name="Click Element" library="SeleniumLibrary">
<doc>Click the element identified by ``locator``.</doc>
<arguments>
<arg>xpath:/html/body/div[3]/div/div/div[5]/div[1]/div[1]/div/div/div/div[2]/div/div/div/div[2]/div[3]/div/div/div/div/div[1]/div[1]/div/div[3]/div[1]/div[1]/div[1]/div/div[1]/div/div[4]/div</arg>
</arguments>
<msg timestamp="20201218 19:20:05.220" level="INFO">Clicking element 'xpath:/html/body/div[3]/div/div/div[5]/div[1]/div[1]/div/div/div/div[2]/div/div/div/div[2]/div[3]/div/div/div/div/div[1]/div[1]/div/div[3]/div[1]/div[1]/div[1]/div/div[1]/div/div[4]/div'.</msg>
<status status="PASS" starttime="20201218 19:20:05.219" endtime="20201218 19:20:05.403"></status>
</kw>
<kw name="Wait Until Page Contains Element" library="SeleniumLibrary">
<doc>Waits until the element ``locator`` appears on the current page.</doc>
<arguments>
<arg>xpath:/html/body/div[3]/div/div/div[5]/div[1]/div[1]/div/div/div/div[2]/div/div/div/div[2]/div[3]/div/div/div/div/div[1]/div[1]/div/div[2]/div/div[2]/div/div/div/div/div[1]</arg>
<arg>timeout=20s</arg>
</arguments>
<status status="PASS" starttime="20201218 19:20:05.406" endtime="20201218 19:20:05.431"></status>
</kw>
<kw name="Click Element" library="SeleniumLibrary">
<doc>Click the element identified by ``locator``.</doc>
<arguments>
<arg>xpath://html/body/div[3]/div/div/div[5]/div[1]/div[1]/div/div/div/div[2]/div/div/div/div[2]/div[3]/div/div/div/div/div[1]/div[1]/div/div[2]/div/div[2]/div/div/div/div/div[1]</arg>
</arguments>
<msg timestamp="20201218 19:20:05.431" level="INFO">Clicking element 'xpath://html/body/div[3]/div/div/div[5]/div[1]/div[1]/div/div/div/div[2]/div/div/div/div[2]/div[3]/div/div/div/div/div[1]/div[1]/div/div[2]/div/div[2]/div/div/div/div/div[1]'.</msg>
<status status="PASS" starttime="20201218 19:20:05.431" endtime="20201218 19:20:05.514"></status>
</kw>
<kw name="Sleep" library="BuiltIn">
<doc>Pauses the test executed for the given time.</doc>
<arguments>
<arg>1s</arg>
</arguments>
<msg timestamp="20201218 19:20:06.517" level="INFO">Slept 1 second</msg>
<status status="PASS" starttime="20201218 19:20:05.515" endtime="20201218 19:20:06.518"></status>
</kw>
<kw name="Capture Page Screenshot" library="SeleniumLibrary">
<doc>Takes a screenshot of the current page and embeds it into a log file.</doc>
<arguments>
<arg>test_post.png</arg>
</arguments>
<msg timestamp="20201218 19:20:06.858" level="INFO" html="yes">&lt;/td&gt;&lt;/tr&gt;&lt;tr&gt;&lt;td colspan="3"&gt;&lt;a href="test_post.png"&gt;&lt;img src="test_post.png" width="800px"&gt;&lt;/a&gt;</msg>
<status status="PASS" starttime="20201218 19:20:06.519" endtime="20201218 19:20:06.858"></status>
</kw>
<tags>
<tag>Postman + Wamp</tag>
</tags>
<status status="PASS" starttime="20201218 19:20:04.563" endtime="20201218 19:20:06.859" critical="yes"></status>
</test>
<test id="s1-t10" name="Test GET after POST">
<kw name="Wait Until Page Contains Element" library="SeleniumLibrary">
<doc>Waits until the element ``locator`` appears on the current page.</doc>
<arguments>
<arg>xpath://html/body/div[3]/div/div/div[5]/div[1]/div[1]/div/div/div/div[1]/div[1]/div/div/div[2]/div[2]/div/div/div/div[2]/div[1]/div/div/div[7]/div/div/div[2]</arg>
<arg>timeout=20s</arg>
</arguments>
<status status="PASS" starttime="20201218 19:20:06.869" endtime="20201218 19:20:06.894"></status>
</kw>
<kw name="Click Element" library="SeleniumLibrary">
<doc>Click the element identified by ``locator``.</doc>
<arguments>
<arg>xpath:/html/body/div[3]/div/div/div[5]/div[1]/div[1]/div/div/div/div[1]/div[1]/div/div/div[2]/div[2]/div/div/div/div[2]/div[1]/div/div/div[7]/div/div/div[2]</arg>
</arguments>
<msg timestamp="20201218 19:20:06.895" level="INFO">Clicking element 'xpath:/html/body/div[3]/div/div/div[5]/div[1]/div[1]/div/div/div/div[1]/div[1]/div/div/div[2]/div[2]/div/div/div/div[2]/div[1]/div/div/div[7]/div/div/div[2]'.</msg>
<status status="PASS" starttime="20201218 19:20:06.895" endtime="20201218 19:20:07.008"></status>
</kw>
<kw name="Wait Until Page Contains Element" library="SeleniumLibrary">
<doc>Waits until the element ``locator`` appears on the current page.</doc>
<arguments>
<arg>xpath:/html/body/div[3]/div/div/div[5]/div[1]/div[1]/div/div/div/div[2]/div/div/div/div[2]/div[2]/div/div/div/div/div[1]/div[1]/div/div[2]/div/div[2]/div/div/div/div/div[1]</arg>
<arg>timeout=20s</arg>
</arguments>
<status status="PASS" starttime="20201218 19:20:07.008" endtime="20201218 19:20:07.051"></status>
</kw>
<kw name="Click Element" library="SeleniumLibrary">
<doc>Click the element identified by ``locator``.</doc>
<arguments>
<arg>xpath:/html/body/div[3]/div/div/div[5]/div[1]/div[1]/div/div/div/div[2]/div/div/div/div[2]/div[2]/div/div/div/div/div[1]/div[1]/div/div[2]/div/div[2]/div/div/div/div/div[1]</arg>
</arguments>
<msg timestamp="20201218 19:20:07.052" level="INFO">Clicking element 'xpath:/html/body/div[3]/div/div/div[5]/div[1]/div[1]/div/div/div/div[2]/div/div/div/div[2]/div[2]/div/div/div/div/div[1]/div[1]/div/div[2]/div/div[2]/div/div/div/div/div[1]'.</msg>
<status status="PASS" starttime="20201218 19:20:07.052" endtime="20201218 19:20:07.107"></status>
</kw>
<kw name="Sleep" library="BuiltIn">
<doc>Pauses the test executed for the given time.</doc>
<arguments>
<arg>1s</arg>
</arguments>
<msg timestamp="20201218 19:20:08.109" level="INFO">Slept 1 second</msg>
<status status="PASS" starttime="20201218 19:20:07.108" endtime="20201218 19:20:08.109"></status>
</kw>
<kw name="Capture Page Screenshot" library="SeleniumLibrary">
<doc>Takes a screenshot of the current page and embeds it into a log file.</doc>
<arguments>
<arg>test_get_post.png</arg>
</arguments>
<msg timestamp="20201218 19:20:08.453" level="INFO" html="yes">&lt;/td&gt;&lt;/tr&gt;&lt;tr&gt;&lt;td colspan="3"&gt;&lt;a href="test_get_post.png"&gt;&lt;img src="test_get_post.png" width="800px"&gt;&lt;/a&gt;</msg>
<status status="PASS" starttime="20201218 19:20:08.110" endtime="20201218 19:20:08.454"></status>
</kw>
<tags>
<tag>Postman + Wamp</tag>
</tags>
<status status="PASS" starttime="20201218 19:20:06.867" endtime="20201218 19:20:08.455" critical="yes"></status>
</test>
<test id="s1-t11" name="Test PUT">
<kw name="Wait Until Page Contains Element" library="SeleniumLibrary">
<doc>Waits until the element ``locator`` appears on the current page.</doc>
<arguments>
<arg>xpath://html/body/div[3]/div/div/div[5]/div[1]/div[1]/div/div/div/div[1]/div[1]/div/div/div[2]/div[2]/div/div/div/div[2]/div[1]/div/div/div[7]/div/div/div[2]</arg>
<arg>timeout=20s</arg>
</arguments>
<status status="PASS" starttime="20201218 19:20:08.465" endtime="20201218 19:20:08.481"></status>
</kw>
<kw name="Click Element" library="SeleniumLibrary">
<doc>Click the element identified by ``locator``.</doc>
<arguments>
<arg>xpath://html/body/div[3]/div/div/div[5]/div[1]/div[1]/div/div/div/div[1]/div[1]/div/div/div[2]/div[2]/div/div/div/div[2]/div[1]/div/div/div[7]/div/div/div[2]</arg>
</arguments>
<msg timestamp="20201218 19:20:08.487" level="INFO">Clicking element 'xpath://html/body/div[3]/div/div/div[5]/div[1]/div[1]/div/div/div/div[1]/div[1]/div/div/div[2]/div[2]/div/div/div/div[2]/div[1]/div/div/div[7]/div/div/div[2]'.</msg>
<status status="PASS" starttime="20201218 19:20:08.487" endtime="20201218 19:20:08.590"></status>
</kw>
<kw name="Wait Until Page Contains Element" library="SeleniumLibrary">
<doc>Waits until the element ``locator`` appears on the current page.</doc>
<arguments>
<arg>xpath:/html/body/div[3]/div/div/div[5]/div[1]/div[1]/div/div/div/div[2]/div/div/div/div[2]/div[4]/div/div/div/div/div[1]/div[1]/div/div[3]/div[1]/div[1]/div[1]/div/div[1]/div/div[4]</arg>
<arg>timeout=20s</arg>
</arguments>
<status status="PASS" starttime="20201218 19:20:08.591" endtime="20201218 19:20:09.077"></status>
</kw>
<kw name="Click Element" library="SeleniumLibrary">
<doc>Click the element identified by ``locator``.</doc>
<arguments>
<arg>xpath:/html/body/div[3]/div/div/div[5]/div[1]/div[1]/div/div/div/div[2]/div/div/div/div[2]/div[4]/div/div/div/div/div[1]/div[1]/div/div[3]/div[1]/div[1]/div[1]/div/div[1]/div/div[4]</arg>
</arguments>
<msg timestamp="20201218 19:20:09.077" level="INFO">Clicking element 'xpath:/html/body/div[3]/div/div/div[5]/div[1]/div[1]/div/div/div/div[2]/div/div/div/div[2]/div[4]/div/div/div/div/div[1]/div[1]/div/div[3]/div[1]/div[1]/div[1]/div/div[1]/div/div[4]'.</msg>
<status status="PASS" starttime="20201218 19:20:09.077" endtime="20201218 19:20:09.235"></status>
</kw>
<kw name="Wait Until Page Contains Element" library="SeleniumLibrary">
<doc>Waits until the element ``locator`` appears on the current page.</doc>
<arguments>
<arg>xpath://html/body/div[3]/div/div/div[5]/div[1]/div[1]/div/div/div/div[2]/div/div/div/div[2]/div[4]/div/div/div/div/div[1]/div[1]/div/div[2]/div/div[2]/div/div/div/div/div[1]</arg>
<arg>timeout=20s</arg>
</arguments>
<status status="PASS" starttime="20201218 19:20:09.235" endtime="20201218 19:20:09.265"></status>
</kw>
<kw name="Click Element" library="SeleniumLibrary">
<doc>Click the element identified by ``locator``.</doc>
<arguments>
<arg>xpath://html/body/div[3]/div/div/div[5]/div[1]/div[1]/div/div/div/div[2]/div/div/div/div[2]/div[4]/div/div/div/div/div[1]/div[1]/div/div[2]/div/div[2]/div/div/div/div/div[1]</arg>
</arguments>
<msg timestamp="20201218 19:20:09.266" level="INFO">Clicking element 'xpath://html/body/div[3]/div/div/div[5]/div[1]/div[1]/div/div/div/div[2]/div/div/div/div[2]/div[4]/div/div/div/div/div[1]/div[1]/div/div[2]/div/div[2]/div/div/div/div/div[1]'.</msg>
<status status="PASS" starttime="20201218 19:20:09.266" endtime="20201218 19:20:09.329"></status>
</kw>
<kw name="Sleep" library="BuiltIn">
<doc>Pauses the test executed for the given time.</doc>
<arguments>
<arg>1s</arg>
</arguments>
<msg timestamp="20201218 19:20:10.330" level="INFO">Slept 1 second</msg>
<status status="PASS" starttime="20201218 19:20:09.329" endtime="20201218 19:20:10.330"></status>
</kw>
<kw name="Capture Page Screenshot" library="SeleniumLibrary">
<doc>Takes a screenshot of the current page and embeds it into a log file.</doc>
<arguments>
<arg>test_put.png</arg>
</arguments>
<msg timestamp="20201218 19:20:10.701" level="INFO" html="yes">&lt;/td&gt;&lt;/tr&gt;&lt;tr&gt;&lt;td colspan="3"&gt;&lt;a href="test_put.png"&gt;&lt;img src="test_put.png" width="800px"&gt;&lt;/a&gt;</msg>
<status status="PASS" starttime="20201218 19:20:10.333" endtime="20201218 19:20:10.702"></status>
</kw>
<tags>
<tag>Postman + Wamp</tag>
</tags>
<status status="PASS" starttime="20201218 19:20:08.463" endtime="20201218 19:20:10.703" critical="yes"></status>
</test>
<test id="s1-t12" name="Test GET after PUT">
<kw name="Wait Until Page Contains Element" library="SeleniumLibrary">
<doc>Waits until the element ``locator`` appears on the current page.</doc>
<arguments>
<arg>xpath:/html/body/div[3]/div/div/div[5]/div[1]/div[1]/div/div/div/div[1]/div[1]/div/div/div[2]/div[2]/div/div/div/div[2]/div[1]/div/div/div[9]/div/div/div[2]</arg>
<arg>timeout=20s</arg>
</arguments>
<status status="PASS" starttime="20201218 19:20:10.712" endtime="20201218 19:20:10.736"></status>
</kw>
<kw name="Click Element" library="SeleniumLibrary">
<doc>Click the element identified by ``locator``.</doc>
<arguments>
<arg>xpath:/html/body/div[3]/div/div/div[5]/div[1]/div[1]/div/div/div/div[1]/div[1]/div/div/div[2]/div[2]/div/div/div/div[2]/div[1]/div/div/div[9]/div/div/div[2]</arg>
</arguments>
<msg timestamp="20201218 19:20:10.738" level="INFO">Clicking element 'xpath:/html/body/div[3]/div/div/div[5]/div[1]/div[1]/div/div/div/div[1]/div[1]/div/div/div[2]/div[2]/div/div/div/div[2]/div[1]/div/div/div[9]/div/div/div[2]'.</msg>
<status status="PASS" starttime="20201218 19:20:10.737" endtime="20201218 19:20:10.830"></status>
</kw>
<kw name="Wait Until Page Contains Element" library="SeleniumLibrary">
<doc>Waits until the element ``locator`` appears on the current page.</doc>
<arguments>
<arg>xpath:/html/body/div[3]/div/div/div[5]/div[1]/div[1]/div/div/div/div[2]/div/div/div/div[2]/div[2]/div/div/div/div/div[1]/div[1]/div/div[2]/div/div[2]/div/div/div/div/div[1]</arg>
<arg>timeout=20s</arg>
</arguments>
<status status="PASS" starttime="20201218 19:20:10.831" endtime="20201218 19:20:10.881"></status>
</kw>
<kw name="Click Element" library="SeleniumLibrary">
<doc>Click the element identified by ``locator``.</doc>
<arguments>
<arg>xpath:/html/body/div[3]/div/div/div[5]/div[1]/div[1]/div/div/div/div[2]/div/div/div/div[2]/div[2]/div/div/div/div/div[1]/div[1]/div/div[2]/div/div[2]/div/div/div/div/div[1]</arg>
</arguments>
<msg timestamp="20201218 19:20:10.882" level="INFO">Clicking element 'xpath:/html/body/div[3]/div/div/div[5]/div[1]/div[1]/div/div/div/div[2]/div/div/div/div[2]/div[2]/div/div/div/div/div[1]/div[1]/div/div[2]/div/div[2]/div/div/div/div/div[1]'.</msg>
<status status="PASS" starttime="20201218 19:20:10.882" endtime="20201218 19:20:10.945"></status>
</kw>
<kw name="Sleep" library="BuiltIn">
<doc>Pauses the test executed for the given time.</doc>
<arguments>
<arg>1s</arg>
</arguments>
<msg timestamp="20201218 19:20:11.947" level="INFO">Slept 1 second</msg>
<status status="PASS" starttime="20201218 19:20:10.946" endtime="20201218 19:20:11.947"></status>
</kw>
<kw name="Capture Page Screenshot" library="SeleniumLibrary">
<doc>Takes a screenshot of the current page and embeds it into a log file.</doc>
<arguments>
<arg>test_get_put.png</arg>
</arguments>
<msg timestamp="20201218 19:20:12.283" level="INFO" html="yes">&lt;/td&gt;&lt;/tr&gt;&lt;tr&gt;&lt;td colspan="3"&gt;&lt;a href="test_get_put.png"&gt;&lt;img src="test_get_put.png" width="800px"&gt;&lt;/a&gt;</msg>
<status status="PASS" starttime="20201218 19:20:11.948" endtime="20201218 19:20:12.283"></status>
</kw>
<tags>
<tag>Postman + Wamp</tag>
</tags>
<status status="PASS" starttime="20201218 19:20:10.711" endtime="20201218 19:20:12.284" critical="yes"></status>
</test>
<test id="s1-t13" name="Test DELETE">
<kw name="Wait Until Page Contains Element" library="SeleniumLibrary">
<doc>Waits until the element ``locator`` appears on the current page.</doc>
<arguments>
<arg>xpath:/html/body/div[3]/div/div/div[5]/div[1]/div[1]/div/div/div/div[1]/div[1]/div/div/div[2]/div[2]/div/div/div/div[2]/div[1]/div/div/div[8]/div/div/div[2]</arg>
<arg>timeout=20s</arg>
</arguments>
<status status="PASS" starttime="20201218 19:20:12.294" endtime="20201218 19:20:12.319"></status>
</kw>
<kw name="Click Element" library="SeleniumLibrary">
<doc>Click the element identified by ``locator``.</doc>
<arguments>
<arg>xpath:/html/body/div[3]/div/div/div[5]/div[1]/div[1]/div/div/div/div[1]/div[1]/div/div/div[2]/div[2]/div/div/div/div[2]/div[1]/div/div/div[8]/div/div/div[2]</arg>
</arguments>
<msg timestamp="20201218 19:20:12.321" level="INFO">Clicking element 'xpath:/html/body/div[3]/div/div/div[5]/div[1]/div[1]/div/div/div/div[1]/div[1]/div/div/div[2]/div[2]/div/div/div/div[2]/div[1]/div/div/div[8]/div/div/div[2]'.</msg>
<status status="PASS" starttime="20201218 19:20:12.320" endtime="20201218 19:20:12.431"></status>
</kw>
<kw name="Wait Until Page Contains Element" library="SeleniumLibrary">
<doc>Waits until the element ``locator`` appears on the current page.</doc>
<arguments>
<arg>xpath:/html/body/div[3]/div/div/div[5]/div[1]/div[1]/div/div/div/div[2]/div/div/div/div[2]/div[5]/div/div/div/div/div[1]/div[1]/div/div[3]/div[1]/div[1]/div[1]/div/div[1]/div/div[4]/div</arg>
<arg>timeout=20s</arg>
</arguments>
<status status="PASS" starttime="20201218 19:20:12.432" endtime="20201218 19:20:12.956"></status>
</kw>
<kw name="Click Element" library="SeleniumLibrary">
<doc>Click the element identified by ``locator``.</doc>
<arguments>
<arg>xpath:/html/body/div[3]/div/div/div[5]/div[1]/div[1]/div/div/div/div[2]/div/div/div/div[2]/div[5]/div/div/div/div/div[1]/div[1]/div/div[3]/div[1]/div[1]/div[1]/div/div[1]/div/div[4]/div</arg>
</arguments>
<msg timestamp="20201218 19:20:12.957" level="INFO">Clicking element 'xpath:/html/body/div[3]/div/div/div[5]/div[1]/div[1]/div/div/div/div[2]/div/div/div/div[2]/div[5]/div/div/div/div/div[1]/div[1]/div/div[3]/div[1]/div[1]/div[1]/div/div[1]/div/div[4]/div'.</msg>
<status status="PASS" starttime="20201218 19:20:12.956" endtime="20201218 19:20:13.134"></status>
</kw>
<kw name="Wait Until Page Contains Element" library="SeleniumLibrary">
<doc>Waits until the element ``locator`` appears on the current page.</doc>
<arguments>
<arg>xpath://html/body/div[3]/div/div/div[5]/div[1]/div[1]/div/div/div/div[2]/div/div/div/div[2]/div[5]/div/div/div/div/div[1]/div[1]/div/div[2]/div/div[2]/div/div/div/div/div[1]</arg>
<arg>timeout=20s</arg>
</arguments>
<status status="PASS" starttime="20201218 19:20:13.135" endtime="20201218 19:20:13.156"></status>
</kw>
<kw name="Click Element" library="SeleniumLibrary">
<doc>Click the element identified by ``locator``.</doc>
<arguments>
<arg>xpath://html/body/div[3]/div/div/div[5]/div[1]/div[1]/div/div/div/div[2]/div/div/div/div[2]/div[5]/div/div/div/div/div[1]/div[1]/div/div[2]/div/div[2]/div/div/div/div/div[1]</arg>
</arguments>
<msg timestamp="20201218 19:20:13.157" level="INFO">Clicking element 'xpath://html/body/div[3]/div/div/div[5]/div[1]/div[1]/div/div/div/div[2]/div/div/div/div[2]/div[5]/div/div/div/div/div[1]/div[1]/div/div[2]/div/div[2]/div/div/div/div/div[1]'.</msg>
<status status="PASS" starttime="20201218 19:20:13.157" endtime="20201218 19:20:13.256"></status>
</kw>
<kw name="Sleep" library="BuiltIn">
<doc>Pauses the test executed for the given time.</doc>
<arguments>
<arg>1s</arg>
</arguments>
<msg timestamp="20201218 19:20:14.258" level="INFO">Slept 1 second</msg>
<status status="PASS" starttime="20201218 19:20:13.257" endtime="20201218 19:20:14.259"></status>
</kw>
<kw name="Capture Page Screenshot" library="SeleniumLibrary">
<doc>Takes a screenshot of the current page and embeds it into a log file.</doc>
<arguments>
<arg>test_delete.png</arg>
</arguments>
<msg timestamp="20201218 19:20:14.598" level="INFO" html="yes">&lt;/td&gt;&lt;/tr&gt;&lt;tr&gt;&lt;td colspan="3"&gt;&lt;a href="test_delete.png"&gt;&lt;img src="test_delete.png" width="800px"&gt;&lt;/a&gt;</msg>
<status status="PASS" starttime="20201218 19:20:14.260" endtime="20201218 19:20:14.598"></status>
</kw>
<tags>
<tag>Postman + Wamp</tag>
</tags>
<status status="PASS" starttime="20201218 19:20:12.292" endtime="20201218 19:20:14.599" critical="yes"></status>
</test>
<test id="s1-t14" name="Test GET after DELETE">
<kw name="Wait Until Page Contains Element" library="SeleniumLibrary">
<doc>Waits until the element ``locator`` appears on the current page.</doc>
<arguments>
<arg>xpath:/html/body/div[3]/div/div/div[5]/div[1]/div[1]/div/div/div/div[1]/div[1]/div/div/div[2]/div[2]/div/div/div/div[2]/div[1]/div/div/div[11]/div/div/div[2]</arg>
<arg>timeout=20s</arg>
</arguments>
<status status="PASS" starttime="20201218 19:20:14.609" endtime="20201218 19:20:14.637"></status>
</kw>
<kw name="Click Element" library="SeleniumLibrary">
<doc>Click the element identified by ``locator``.</doc>
<arguments>
<arg>xpath:/html/body/div[3]/div/div/div[5]/div[1]/div[1]/div/div/div/div[1]/div[1]/div/div/div[2]/div[2]/div/div/div/div[2]/div[1]/div/div/div[11]/div/div/div[2]</arg>
</arguments>
<msg timestamp="20201218 19:20:14.638" level="INFO">Clicking element 'xpath:/html/body/div[3]/div/div/div[5]/div[1]/div[1]/div/div/div/div[1]/div[1]/div/div/div[2]/div[2]/div/div/div/div[2]/div[1]/div/div/div[11]/div/div/div[2]'.</msg>
<status status="PASS" starttime="20201218 19:20:14.638" endtime="20201218 19:20:14.761"></status>
</kw>
<kw name="Wait Until Page Contains Element" library="SeleniumLibrary">
<doc>Waits until the element ``locator`` appears on the current page.</doc>
<arguments>
<arg>xpath:/html/body/div[3]/div/div/div[5]/div[1]/div[1]/div/div/div/div[2]/div/div/div/div[2]/div[2]/div/div/div/div/div[1]/div[1]/div/div[2]/div/div[2]/div/div/div/div/div[1]</arg>
<arg>timeout=20s</arg>
</arguments>
<status status="PASS" starttime="20201218 19:20:14.762" endtime="20201218 19:20:14.805"></status>
</kw>
<kw name="Click Element" library="SeleniumLibrary">
<doc>Click the element identified by ``locator``.</doc>
<arguments>
<arg>xpath:/html/body/div[3]/div/div/div[5]/div[1]/div[1]/div/div/div/div[2]/div/div/div/div[2]/div[2]/div/div/div/div/div[1]/div[1]/div/div[2]/div/div[2]/div/div/div/div/div[1]</arg>
</arguments>
<msg timestamp="20201218 19:20:14.806" level="INFO">Clicking element 'xpath:/html/body/div[3]/div/div/div[5]/div[1]/div[1]/div/div/div/div[2]/div/div/div/div[2]/div[2]/div/div/div/div/div[1]/div[1]/div/div[2]/div/div[2]/div/div/div/div/div[1]'.</msg>
<status status="PASS" starttime="20201218 19:20:14.806" endtime="20201218 19:20:14.871"></status>
</kw>
<kw name="Sleep" library="BuiltIn">
<doc>Pauses the test executed for the given time.</doc>
<arguments>
<arg>1s</arg>
</arguments>
<msg timestamp="20201218 19:20:15.873" level="INFO">Slept 1 second</msg>
<status status="PASS" starttime="20201218 19:20:14.871" endtime="20201218 19:20:15.873"></status>
</kw>
<kw name="Capture Page Screenshot" library="SeleniumLibrary">
<doc>Takes a screenshot of the current page and embeds it into a log file.</doc>
<arguments>
<arg>test_get_delete.png</arg>
</arguments>
<msg timestamp="20201218 19:20:16.220" level="INFO" html="yes">&lt;/td&gt;&lt;/tr&gt;&lt;tr&gt;&lt;td colspan="3"&gt;&lt;a href="test_get_delete.png"&gt;&lt;img src="test_get_delete.png" width="800px"&gt;&lt;/a&gt;</msg>
<status status="PASS" starttime="20201218 19:20:15.875" endtime="20201218 19:20:16.220"></status>
</kw>
<kw name="Close Window" library="SeleniumLibrary">
<doc>Closes currently opened and selected browser window/tab.</doc>
<status status="PASS" starttime="20201218 19:20:16.221" endtime="20201218 19:20:16.295"></status>
</kw>
<tags>
<tag>Postman + Wamp</tag>
</tags>
<status status="PASS" starttime="20201218 19:20:14.607" endtime="20201218 19:20:16.297" critical="yes"></status>
</test>
<status status="PASS" starttime="20201218 19:17:29.327" endtime="20201218 19:20:16.309"></status>
</suite>
<statistics>
<total>
<stat pass="14" fail="0">Critical Tests</stat>
<stat pass="14" fail="0">All Tests</stat>
</total>
<tag>
<stat pass="5" fail="0">Ping vms</stat>
<stat pass="1" fail="0">Plotly</stat>
<stat pass="1" fail="0">Plotly + Networkx</stat>
<stat pass="7" fail="0">Postman + Wamp</stat>
</tag>
<suite>
<stat pass="14" fail="0" id="s1" name="Rf Test Cases">Rf Test Cases</stat>
</suite>
</statistics>
<errors>
</errors>
</robot>
